<?xml version="1.0" encoding="UTF-8"?>
<testsuite xmlns:xsi="http://www.w3.org/2001/XMLSchema-instance" xsi:noNamespaceSchemaLocation="https://maven.apache.org/surefire/maven-surefire-plugin/xsd/surefire-test-report-3.0.xsd" version="3.0" name="com.stadium.auth_service.AuthServiceIntegrationTest" time="13.208" tests="6" errors="0" skipped="0" failures="0">
  <properties>
[...]
</properties>
  <testcase name="testLoginSuccess" classname="com.stadium.auth_service.AuthServiceIntegrationTest" time="2.082">
    <system-out><![CDATA[19:57:55.212 [main] INFO org.springframework.test.context.support.AnnotationConfigContextLoaderUtils -- Could not detect default configuration classes for test class [com.stadium.auth_service.AuthServiceIntegrationTest]: AuthServiceIntegrationTest does not declare any static, non-private, non-final, nested classes annotated with @Configuration.
19:57:55.398 [main] INFO org.springframework.boot.test.context.SpringBootTestContextBootstrapper -- Found @SpringBootConfiguration com.stadium.auth_service.AuthServiceApplication for test class com.stadium.auth_service.AuthServiceIntegrationTest

  .   ____          _            __ _ _
 /\\ / ___'_ __ _ _(_)_ __  __ _ \ \ \ \
( ( )\___ | '_ | '_| | '_ \/ _` | \ \ \ \
 \\/  ___)| |_)| | | | | || (_| |  ) ) ) )
  '  |____| .__|_| |_|_| |_\__, | / / / /
 =========|_|==============|___/=/_/_/_/

 :: Spring Boot ::                (v3.3.1)

2025-12-08T19:57:56.190Z  INFO 12876 --- [           main] c.s.a.AuthServiceIntegrationTest         : Starting AuthServiceIntegrationTest using Java 21.0.8 with PID 12876 (started by guilh in C:\Users\guilh\UA\3_ano\1_semestre\PEI\Smart-Stadium-Staff-App---PEI\backend\auth-service)
2025-12-08T19:57:56.192Z  INFO 12876 --- [           main] c.s.a.AuthServiceIntegrationTest         : No active profile set, falling back to 1 default profile: "default"
2025-12-08T19:57:57.698Z  INFO 12876 --- [           main] .s.d.r.c.RepositoryConfigurationDelegate : Bootstrapping Spring Data JPA repositories in DEFAULT mode.
2025-12-08T19:57:57.798Z  INFO 12876 --- [           main] .s.d.r.c.RepositoryConfigurationDelegate : Finished Spring Data repository scanning in 78 ms. Found 1 JPA repository interface.
2025-12-08T19:57:58.755Z  INFO 12876 --- [           main] o.hibernate.jpa.internal.util.LogHelper  : HHH000204: Processing PersistenceUnitInfo [name: default]
2025-12-08T19:57:58.860Z  INFO 12876 --- [           main] org.hibernate.Version                    : HHH000412: Hibernate ORM core version 6.5.2.Final
2025-12-08T19:57:58.922Z  INFO 12876 --- [           main] o.h.c.internal.RegionFactoryInitiator    : HHH000026: Second-level cache disabled
2025-12-08T19:57:59.532Z  INFO 12876 --- [           main] o.s.o.j.p.SpringPersistenceUnitInfo      : No LoadTimeWeaver setup: ignoring JPA class transformer
2025-12-08T19:57:59.576Z  INFO 12876 --- [           main] com.zaxxer.hikari.HikariDataSource       : HikariPool-1 - Starting...
2025-12-08T19:57:59.908Z  INFO 12876 --- [           main] com.zaxxer.hikari.pool.HikariPool        : HikariPool-1 - Added connection org.postgresql.jdbc.PgConnection@7de6549d
2025-12-08T19:57:59.911Z  INFO 12876 --- [           main] com.zaxxer.hikari.HikariDataSource       : HikariPool-1 - Start completed.
2025-12-08T19:58:01.459Z  INFO 12876 --- [           main] o.h.e.t.j.p.i.JtaPlatformInitiator       : HHH000489: No JTA platform available (set 'hibernate.transaction.jta.platform' to enable JTA platform integration)
2025-12-08T19:58:01.574Z  INFO 12876 --- [           main] j.LocalContainerEntityManagerFactoryBean : Initialized JPA EntityManagerFactory for persistence unit 'default'
2025-12-08T19:58:02.483Z  WARN 12876 --- [           main] JpaBaseConfiguration$JpaWebConfiguration : spring.jpa.open-in-view is enabled by default. Therefore, database queries may be performed during view rendering. Explicitly configure spring.jpa.open-in-view to disable this warning
2025-12-08T19:58:02.555Z  WARN 12876 --- [           main] .s.s.UserDetailsServiceAutoConfiguration : 

Using generated security password: 8f022f95-a872-454d-ad95-0355ff01b968

This generated password is for development use only. Your security configuration must be updated before running your application in production.

2025-12-08T19:58:02.584Z  INFO 12876 --- [           main] r$InitializeUserDetailsManagerConfigurer : Global AuthenticationManager configured with UserDetailsService bean with name inMemoryUserDetailsManager
2025-12-08T19:58:03.891Z  INFO 12876 --- [           main] o.s.b.t.m.w.SpringBootMockServletContext : Initializing Spring TestDispatcherServlet ''
2025-12-08T19:58:03.892Z  INFO 12876 --- [           main] o.s.t.web.servlet.TestDispatcherServlet  : Initializing Servlet ''
2025-12-08T19:58:03.894Z  INFO 12876 --- [           main] o.s.t.web.servlet.TestDispatcherServlet  : Completed initialization in 1 ms
2025-12-08T19:58:03.931Z  INFO 12876 --- [           main] c.s.a.AuthServiceIntegrationTest         : Started AuthServiceIntegrationTest in 8.253 seconds (process running for 10.086)
Hibernate: select u1_0.id,u1_0.created_at,u1_0.current_location,u1_0.name,u1_0.password_hash,u1_0.role,u1_0.status,u1_0.email from users u1_0
Hibernate: delete from users where id=?
Hibernate: delete from users where id=?
Hibernate: insert into users (created_at,current_location,name,password_hash,role,status,email) values (?,?,?,?,?,?,?) returning id
Hibernate: insert into users (created_at,current_location,name,password_hash,role,status,email) values (?,?,?,?,?,?,?) returning id
Hibernate: select u1_0.id,u1_0.created_at,u1_0.current_location,u1_0.name,u1_0.password_hash,u1_0.role,u1_0.status,u1_0.email from users u1_0 where u1_0.email=?
]]></system-out>
    <system-err><![CDATA[WARNING: A Java agent has been loaded dynamically (C:\Users\guilh\.m2\repository\net\bytebuddy\byte-buddy-agent\1.14.17\byte-buddy-agent-1.14.17.jar)
WARNING: If a serviceability tool is in use, please run with -XX:+EnableDynamicAgentLoading to hide this warning
WARNING: If a serviceability tool is not in use, please run with -Djdk.instrument.traceUsage for more information
WARNING: Dynamic loading of agents will be disallowed by default in a future release
]]></system-err>
  </testcase>
  <testcase name="testMeEndpoint" classname="com.stadium.auth_service.AuthServiceIntegrationTest" time="0.388">
    <system-out><![CDATA[Hibernate: select u1_0.id,u1_0.created_at,u1_0.current_location,u1_0.name,u1_0.password_hash,u1_0.role,u1_0.status,u1_0.email from users u1_0
Hibernate: delete from users where id=?
Hibernate: delete from users where id=?
Hibernate: insert into users (created_at,current_location,name,password_hash,role,status,email) values (?,?,?,?,?,?,?) returning id
Hibernate: insert into users (created_at,current_location,name,password_hash,role,status,email) values (?,?,?,?,?,?,?) returning id
]]></system-out>
  </testcase>
  <testcase name="testValidateInvalidToken" classname="com.stadium.auth_service.AuthServiceIntegrationTest" time="0.345">
    <system-out><![CDATA[Hibernate: select u1_0.id,u1_0.created_at,u1_0.current_location,u1_0.name,u1_0.password_hash,u1_0.role,u1_0.status,u1_0.email from users u1_0
Hibernate: delete from users where id=?
Hibernate: delete from users where id=?
Hibernate: insert into users (created_at,current_location,name,password_hash,role,status,email) values (?,?,?,?,?,?,?) returning id
Hibernate: insert into users (created_at,current_location,name,password_hash,role,status,email) values (?,?,?,?,?,?,?) returning id
]]></system-out>
  </testcase>
  <testcase name="testLoginInactiveUser" classname="com.stadium.auth_service.AuthServiceIntegrationTest" time="0.476">
    <system-out><![CDATA[Hibernate: select u1_0.id,u1_0.created_at,u1_0.current_location,u1_0.name,u1_0.password_hash,u1_0.role,u1_0.status,u1_0.email from users u1_0
Hibernate: delete from users where id=?
Hibernate: delete from users where id=?
Hibernate: insert into users (created_at,current_location,name,password_hash,role,status,email) values (?,?,?,?,?,?,?) returning id
Hibernate: insert into users (created_at,current_location,name,password_hash,role,status,email) values (?,?,?,?,?,?,?) returning id
Hibernate: select u1_0.id,u1_0.created_at,u1_0.current_location,u1_0.name,u1_0.password_hash,u1_0.role,u1_0.status,u1_0.email from users u1_0 where u1_0.email=?
]]></system-out>
  </testcase>
  <testcase name="testValidateToken" classname="com.stadium.auth_service.AuthServiceIntegrationTest" time="0.33">
    <system-out><![CDATA[Hibernate: select u1_0.id,u1_0.created_at,u1_0.current_location,u1_0.name,u1_0.password_hash,u1_0.role,u1_0.status,u1_0.email from users u1_0
Hibernate: delete from users where id=?
Hibernate: delete from users where id=?
Hibernate: insert into users (created_at,current_location,name,password_hash,role,status,email) values (?,?,?,?,?,?,?) returning id
Hibernate: insert into users (created_at,current_location,name,password_hash,role,status,email) values (?,?,?,?,?,?,?) returning id
]]></system-out>
  </testcase>
  <testcase name="testLoginInvalidCredentials" classname="com.stadium.auth_service.AuthServiceIntegrationTest" time="0.482">
    <system-out><![CDATA[Hibernate: select u1_0.id,u1_0.created_at,u1_0.current_location,u1_0.name,u1_0.password_hash,u1_0.role,u1_0.status,u1_0.email from users u1_0
Hibernate: delete from users where id=?
Hibernate: delete from users where id=?
Hibernate: insert into users (created_at,current_location,name,password_hash,role,status,email) values (?,?,?,?,?,?,?) returning id
Hibernate: insert into users (created_at,current_location,name,password_hash,role,status,email) values (?,?,?,?,?,?,?) returning id
Hibernate: select u1_0.id,u1_0.created_at,u1_0.current_location,u1_0.name,u1_0.password_hash,u1_0.role,u1_0.status,u1_0.email from users u1_0 where u1_0.email=?
]]></system-out>
  </testcase>
</testsuite>